# JRE version: Java(TM) SE Runtime Environment (8.0_251-b08) (build 1.8.0_251-b08)
# Java VM: Java HotSpot(TM) 64-Bit Server VM (25.251-b08 mixed mode windows-amd64 compressed oops)
Heap:
 PSYoungGen      total 38400K, used 665K [0x00000000eab00000, 0x00000000ed580000, 0x0000000100000000)
  eden space 33280K, 2% used [0x00000000eab00000,0x00000000eaba66a8,0x00000000ecb80000)
  from space 5120K, 0% used [0x00000000ecb80000,0x00000000ecb80000,0x00000000ed080000)
  to   space 5120K, 0% used [0x00000000ed080000,0x00000000ed080000,0x00000000ed580000)
 ParOldGen       total 87552K, used 1098K [0x00000000c0000000, 0x00000000c5580000, 0x00000000eab00000)
  object space 87552K, 1% used [0x00000000c0000000,0x00000000c01128e8,0x00000000c5580000)
 Metaspace       used 3735K, capacity 4712K, committed 4864K, reserved 1056768K
  class space    used 415K, capacity 467K, committed 512K, reserved 1048576K
GC Heap History (10 events):
Event: 1.567 GC heap before
{Heap before GC invocations=82 (full 41):
 PSYoungGen      total 38400K, used 0K [0x00000000eab00000, 0x00000000ed580000, 0x0000000100000000)
  eden space 33280K, 0% used [0x00000000eab00000,0x00000000eab00000,0x00000000ecb80000)
  from space 5120K, 0% used [0x00000000ecb80000,0x00000000ecb80000,0x00000000ed080000)
  to   space 5120K, 0% used [0x00000000ed080000,0x00000000ed080000,0x00000000ed580000)
 ParOldGen       total 87552K, used 1098K [0x00000000c0000000, 0x00000000c5580000, 0x00000000eab00000)
  object space 87552K, 1% used [0x00000000c0000000,0x00000000c0112930,0x00000000c5580000)
 Metaspace       used 3735K, capacity 4712K, committed 4864K, reserved 1056768K
  class space    used 415K, capacity 467K, committed 512K, reserved 1048576K
Event: 1.569 GC heap after
Heap after GC invocations=82 (full 41):
 PSYoungGen      total 38400K, used 0K [0x00000000eab00000, 0x00000000ed580000, 0x0000000100000000)
  eden space 33280K, 0% used [0x00000000eab00000,0x00000000eab00000,0x00000000ecb80000)
  from space 5120K, 0% used [0x00000000ecb80000,0x00000000ecb80000,0x00000000ed080000)
  to   space 5120K, 0% used [0x00000000ed080000,0x00000000ed080000,0x00000000ed580000)
 ParOldGen       total 87552K, used 1098K [0x00000000c0000000, 0x00000000c5580000, 0x00000000eab00000)
  object space 87552K, 1% used [0x00000000c0000000,0x00000000c0112930,0x00000000c5580000)
 Metaspace       used 3735K, capacity 4712K, committed 4864K, reserved 1056768K
  class space    used 415K, capacity 467K, committed 512K, reserved 1048576K
}
Event: 1.570 GC heap before
{Heap before GC invocations=83 (full 41):
 PSYoungGen      total 38400K, used 0K [0x00000000eab00000, 0x00000000ed580000, 0x0000000100000000)
  eden space 33280K, 0% used [0x00000000eab00000,0x00000000eab00000,0x00000000ecb80000)
  from space 5120K, 0% used [0x00000000ecb80000,0x00000000ecb80000,0x00000000ed080000)
  to   space 5120K, 0% used [0x00000000ed080000,0x00000000ed080000,0x00000000ed580000)
 ParOldGen       total 87552K, used 1098K [0x00000000c0000000, 0x00000000c5580000, 0x00000000eab00000)
  object space 87552K, 1% used [0x00000000c0000000,0x00000000c0112930,0x00000000c5580000)
 Metaspace       used 3735K, capacity 4712K, committed 4864K, reserved 1056768K
  class space    used 415K, capacity 467K, committed 512K, reserved 1048576K
Event: 1.571 GC heap after
Heap after GC invocations=83 (full 41):
 PSYoungGen      total 38400K, used 0K [0x00000000eab00000, 0x00000000ed580000, 0x0000000100000000)
  eden space 33280K, 0% used [0x00000000eab00000,0x00000000eab00000,0x00000000ecb80000)
  from space 5120K, 0% used [0x00000000ed080000,0x00000000ed080000,0x00000000ed580000)
  to   space 5120K, 0% used [0x00000000ecb80000,0x00000000ecb80000,0x00000000ed080000)
 ParOldGen       total 87552K, used 1098K [0x00000000c0000000, 0x00000000c5580000, 0x00000000eab00000)
  object space 87552K, 1% used [0x00000000c0000000,0x00000000c0112930,0x00000000c5580000)
 Metaspace       used 3735K, capacity 4712K, committed 4864K, reserved 1056768K
  class space    used 415K, capacity 467K, committed 512K, reserved 1048576K
}
Event: 1.571 GC heap before
{Heap before GC invocations=84 (full 42):
 PSYoungGen      total 38400K, used 0K [0x00000000eab00000, 0x00000000ed580000, 0x0000000100000000)
  eden space 33280K, 0% used [0x00000000eab00000,0x00000000eab00000,0x00000000ecb80000)
  from space 5120K, 0% used [0x00000000ed080000,0x00000000ed080000,0x00000000ed580000)
  to   space 5120K, 0% used [0x00000000ecb80000,0x00000000ecb80000,0x00000000ed080000)
 ParOldGen       total 87552K, used 1098K [0x00000000c0000000, 0x00000000c5580000, 0x00000000eab00000)
  object space 87552K, 1% used [0x00000000c0000000,0x00000000c0112930,0x00000000c5580000)
 Metaspace       used 3735K, capacity 4712K, committed 4864K, reserved 1056768K
  class space    used 415K, capacity 467K, committed 512K, reserved 1048576K
Event: 1.573 GC heap after
Heap after GC invocations=84 (full 42):
 PSYoungGen      total 38400K, used 0K [0x00000000eab00000, 0x00000000ed580000, 0x0000000100000000)
  eden space 33280K, 0% used [0x00000000eab00000,0x00000000eab00000,0x00000000ecb80000)
  from space 5120K, 0% used [0x00000000ed080000,0x00000000ed080000,0x00000000ed580000)
  to   space 5120K, 0% used [0x00000000ecb80000,0x00000000ecb80000,0x00000000ed080000)
 ParOldGen       total 87552K, used 1098K [0x00000000c0000000, 0x00000000c5580000, 0x00000000eab00000)
  object space 87552K, 1% used [0x00000000c0000000,0x00000000c0112930,0x00000000c5580000)
 Metaspace       used 3735K, capacity 4712K, committed 4864K, reserved 1056768K
  class space    used 415K, capacity 467K, committed 512K, reserved 1048576K
}
Event: 3.437 GC heap before
{Heap before GC invocations=85 (full 42):
 PSYoungGen      total 38400K, used 665K [0x00000000eab00000, 0x00000000ed580000, 0x0000000100000000)
  eden space 33280K, 2% used [0x00000000eab00000,0x00000000eaba66a8,0x00000000ecb80000)
  from space 5120K, 0% used [0x00000000ed080000,0x00000000ed080000,0x00000000ed580000)
  to   space 5120K, 0% used [0x00000000ecb80000,0x00000000ecb80000,0x00000000ed080000)
 ParOldGen       total 87552K, used 1098K [0x00000000c0000000, 0x00000000c5580000, 0x00000000eab00000)
  object space 87552K, 1% used [0x00000000c0000000,0x00000000c0112930,0x00000000c5580000)
 Metaspace       used 3735K, capacity 4712K, committed 4864K, reserved 1056768K
  class space    used 415K, capacity 467K, committed 512K, reserved 1048576K
Event: 3.437 GC heap after
Heap after GC invocations=85 (full 42):
 PSYoungGen      total 38400K, used 64K [0x00000000eab00000, 0x00000000ed580000, 0x0000000100000000)
  eden space 33280K, 0% used [0x00000000eab00000,0x00000000eab00000,0x00000000ecb80000)
  from space 5120K, 1% used [0x00000000ecb80000,0x00000000ecb90000,0x00000000ed080000)
  to   space 5120K, 0% used [0x00000000ed080000,0x00000000ed080000,0x00000000ed580000)
 ParOldGen       total 87552K, used 1098K [0x00000000c0000000, 0x00000000c5580000, 0x00000000eab00000)
  object space 87552K, 1% used [0x00000000c0000000,0x00000000c0112930,0x00000000c5580000)
 Metaspace       used 3735K, capacity 4712K, committed 4864K, reserved 1056768K
  class space    used 415K, capacity 467K, committed 512K, reserved 1048576K
}
Event: 3.437 GC heap before
{Heap before GC invocations=86 (full 43):
 PSYoungGen      total 38400K, used 64K [0x00000000eab00000, 0x00000000ed580000, 0x0000000100000000)
  eden space 33280K, 0% used [0x00000000eab00000,0x00000000eab00000,0x00000000ecb80000)
  from space 5120K, 1% used [0x00000000ecb80000,0x00000000ecb90000,0x00000000ed080000)
  to   space 5120K, 0% used [0x00000000ed080000,0x00000000ed080000,0x00000000ed580000)
 ParOldGen       total 87552K, used 1098K [0x00000000c0000000, 0x00000000c5580000, 0x00000000eab00000)
  object space 87552K, 1% used [0x00000000c0000000,0x00000000c0112930,0x00000000c5580000)
 Metaspace       used 3735K, capacity 4712K, committed 4864K, reserved 1056768K
  class space    used 415K, capacity 467K, committed 512K, reserved 1048576K
Event: 3.440 GC heap after
Heap after GC invocations=86 (full 43):
 PSYoungGen      total 38400K, used 0K [0x00000000eab00000, 0x00000000ed580000, 0x0000000100000000)
  eden space 33280K, 0% used [0x00000000eab00000,0x00000000eab00000,0x00000000ecb80000)
  from space 5120K, 0% used [0x00000000ecb80000,0x00000000ecb80000,0x00000000ed080000)
  to   space 5120K, 0% used [0x00000000ed080000,0x00000000ed080000,0x00000000ed580000)
 ParOldGen       total 87552K, used 1098K [0x00000000c0000000, 0x00000000c5580000, 0x00000000eab00000)
  object space 87552K, 1% used [0x00000000c0000000,0x00000000c01128e8,0x00000000c5580000)
 Metaspace       used 3735K, capacity 4712K, committed 4864K, reserved 1056768K
  class space    used 415K, capacity 467K, committed 512K, reserved 1048576K
}

